<?xml version="1.0" encoding="UTF-8"?>
<!-- Generated by org.testng.reporters.JUnitXMLReporter -->
<testsuite hostname="LAPTOP-P09V1KSC" ignored="0" name="TestRunner-2" tests="2" failures="0" timestamp="04 Feb 2022 04:33:31 GMT" time="106.415" errors="0">
  <testcase name="createContactTest" time="36.237" classname="com.crm.comcast.contactTest.ContactTest"/>
  <testcase name="createContactWithOrgTest" time="35.135" classname="com.crm.comcast.contactTest.ContactTest"/>
</testsuite> <!-- TestRunner-2 -->
