<?xml version="1.0" encoding="UTF-8"?>
<!-- Generated by org.testng.reporters.JUnitXMLReporter -->
<testsuite hostname="LAPTOP-P09V1KSC" ignored="0" name="TestRunner-2" tests="2" failures="0" timestamp="21 Jan 2022 10:25:28 GMT" time="81.945" errors="0">
  <testcase name="createContactTest" time="24.545" classname="com.crm.comcast.contactTest.ContactTest"/>
  <testcase name="createContactWithOrgTest" time="36.224" classname="com.crm.comcast.contactTest.ContactTest"/>
</testsuite> <!-- TestRunner-2 -->
