<?xml version="1.0" encoding="UTF-8"?>
<!-- Generated by org.testng.reporters.JUnitXMLReporter -->
<testsuite hostname="LAPTOP-P09V1KSC" ignored="0" name="TestRunner-1" tests="2" failures="0" timestamp="21 Jan 2022 10:25:09 GMT" time="63.605" errors="0">
  <testcase name="createOrgTest" time="22.103" classname="com.crm.comcast_OrganisationPOMTest.Organisation"/>
  <testcase name="createOrgWithInd" time="19.524" classname="com.crm.comcast_OrganisationPOMTest.Organisation"/>
</testsuite> <!-- TestRunner-1 -->
