<?xml version="1.0" encoding="UTF-8"?>
<!-- Generated by org.testng.reporters.JUnitXMLReporter -->
<testsuite hostname="LAPTOP-P09V1KSC" ignored="4" name="Test" tests="2" failures="0" timestamp="21 Jan 2022 11:47:00 GMT" time="61.583" errors="0">
  <testcase name="createOrgTest" time="16.471" classname="com.crm.comcast_OrganisationPOMTest.Organisation"/>
  <testcase name="createContactTest" time="16.268" classname="com.crm.comcast.contactTest.ContactTest"/>
  <testcase name="createContactWithOrgTest" time="0.0" classname="com.crm.comcast.contactTest.ContactTest">
    <ignored/>
  </testcase> <!-- createContactWithOrgTest -->
  <testcase name="createOrgWithInd" time="0.0" classname="com.crm.comcast_OrganisationPOMTest.Organisation">
    <ignored/>
  </testcase> <!-- createOrgWithInd -->
  <testcase name="@AfterSuite configAS" time="0.0" classname="com.crm.GenericLibrary.Baseclass">
    <ignored/>
  </testcase> <!-- @AfterSuite configAS -->
  <testcase name="@BeforeSuite configBS" time="0.0" classname="com.crm.GenericLibrary.Baseclass">
    <ignored/>
  </testcase> <!-- @BeforeSuite configBS -->
</testsuite> <!-- Test -->
