<?xml version="1.0" encoding="UTF-8"?>
<testng-results skipped="0" failed="1" ignored="0" total="2" passed="1">
  <reporter-output>
  </reporter-output>
  <suite name="Default suite" duration-ms="71630" started-at="2022-01-28T18:12:40Z" finished-at="2022-01-28T18:13:51Z">
    <groups>
      <group name="regression">
        <method signature="ContactTest.createContactWithOrgTest()[pri:0, instance:com.crm.comcast.contactTest.ContactTest@4f7d0008]" name="createContactWithOrgTest" class="com.crm.comcast.contactTest.ContactTest"/>
      </group> <!-- regression -->
      <group name="smoke">
        <method signature="ContactTest.createContactTest()[pri:0, instance:com.crm.comcast.contactTest.ContactTest@4f7d0008]" name="createContactTest" class="com.crm.comcast.contactTest.ContactTest"/>
      </group> <!-- smoke -->
    </groups>
    <test name="Default test" duration-ms="71630" started-at="2022-01-28T18:12:40Z" finished-at="2022-01-28T18:13:51Z">
      <class name="com.crm.comcast.contactTest.ContactTest">
        <test-method status="PASS" signature="configBS()[pri:0, instance:com.crm.comcast.contactTest.ContactTest@4f7d0008]" name="configBS" is-config="true" duration-ms="29" started-at="2022-01-28T18:12:40Z" finished-at="2022-01-28T18:12:40Z">
          <reporter-output>
          </reporter-output>
        </test-method> <!-- configBS -->
        <test-method status="PASS" signature="configBC()[pri:0, instance:com.crm.comcast.contactTest.ContactTest@4f7d0008]" name="configBC" is-config="true" duration-ms="6624" started-at="2022-01-28T18:12:40Z" finished-at="2022-01-28T18:12:47Z">
          <reporter-output>
          </reporter-output>
        </test-method> <!-- configBC -->
        <test-method status="PASS" signature="configBM()[pri:0, instance:com.crm.comcast.contactTest.ContactTest@4f7d0008]" name="configBM" is-config="true" duration-ms="5278" started-at="2022-01-28T18:12:47Z" finished-at="2022-01-28T18:12:52Z">
          <reporter-output>
          </reporter-output>
        </test-method> <!-- configBM -->
        <test-method status="FAIL" signature="createContactTest()[pri:0, instance:com.crm.comcast.contactTest.ContactTest@4f7d0008]" name="createContactTest" duration-ms="17117" started-at="2022-01-28T18:12:52Z" finished-at="2022-01-28T18:13:09Z">
          <exception class="java.lang.AssertionError">
            <message>
              <![CDATA[expected [true] but found [false]]]>
            </message>
            <full-stacktrace>
              <![CDATA[java.lang.AssertionError: expected [true] but found [false]
at org.testng.Assert.fail(Assert.java:96)
at org.testng.Assert.failNotEquals(Assert.java:776)
at org.testng.Assert.assertTrue(Assert.java:44)
at org.testng.Assert.assertTrue(Assert.java:54)
at com.crm.comcast.contactTest.ContactTest.createContactTest(ContactTest.java:44)
at sun.reflect.NativeMethodAccessorImpl.invoke0(Native Method)
at sun.reflect.NativeMethodAccessorImpl.invoke(Unknown Source)
at sun.reflect.DelegatingMethodAccessorImpl.invoke(Unknown Source)
at java.lang.reflect.Method.invoke(Unknown Source)
at org.testng.internal.MethodInvocationHelper.invokeMethod(MethodInvocationHelper.java:124)
at org.testng.internal.Invoker.invokeMethod(Invoker.java:583)
at org.testng.internal.Invoker.invokeTestMethod(Invoker.java:719)
at org.testng.internal.Invoker.invokeTestMethods(Invoker.java:989)
at org.testng.internal.TestMethodWorker.invokeTestMethods(TestMethodWorker.java:125)
at org.testng.internal.TestMethodWorker.run(TestMethodWorker.java:109)
at org.testng.TestRunner.privateRun(TestRunner.java:648)
at org.testng.TestRunner.run(TestRunner.java:505)
at org.testng.SuiteRunner.runTest(SuiteRunner.java:455)
at org.testng.SuiteRunner.runSequentially(SuiteRunner.java:450)
at org.testng.SuiteRunner.privateRun(SuiteRunner.java:415)
at org.testng.SuiteRunner.run(SuiteRunner.java:364)
at org.testng.SuiteRunnerWorker.runSuite(SuiteRunnerWorker.java:52)
at org.testng.SuiteRunnerWorker.run(SuiteRunnerWorker.java:84)
at org.testng.TestNG.runSuitesSequentially(TestNG.java:1208)
at org.testng.TestNG.runSuitesLocally(TestNG.java:1137)
at org.testng.TestNG.runSuites(TestNG.java:1049)
at org.testng.TestNG.run(TestNG.java:1017)
at org.testng.remote.AbstractRemoteTestNG.run(AbstractRemoteTestNG.java:114)
at org.testng.remote.RemoteTestNG.initAndRun(RemoteTestNG.java:251)
at org.testng.remote.RemoteTestNG.main(RemoteTestNG.java:77)
]]>
            </full-stacktrace>
          </exception> <!-- java.lang.AssertionError -->
          <reporter-output>
          </reporter-output>
        </test-method> <!-- createContactTest -->
        <test-method status="PASS" signature="configAM()[pri:0, instance:com.crm.comcast.contactTest.ContactTest@4f7d0008]" name="configAM" is-config="true" duration-ms="2252" started-at="2022-01-28T18:13:09Z" finished-at="2022-01-28T18:13:12Z">
          <reporter-output>
          </reporter-output>
        </test-method> <!-- configAM -->
        <test-method status="PASS" signature="configBM()[pri:0, instance:com.crm.comcast.contactTest.ContactTest@4f7d0008]" name="configBM" is-config="true" duration-ms="4454" started-at="2022-01-28T18:13:12Z" finished-at="2022-01-28T18:13:16Z">
          <reporter-output>
          </reporter-output>
        </test-method> <!-- configBM -->
        <test-method status="PASS" signature="createContactWithOrgTest()[pri:0, instance:com.crm.comcast.contactTest.ContactTest@4f7d0008]" name="createContactWithOrgTest" duration-ms="31752" started-at="2022-01-28T18:13:16Z" finished-at="2022-01-28T18:13:48Z">
          <reporter-output>
          </reporter-output>
        </test-method> <!-- createContactWithOrgTest -->
        <test-method status="PASS" signature="configAM()[pri:0, instance:com.crm.comcast.contactTest.ContactTest@4f7d0008]" name="configAM" is-config="true" duration-ms="2035" started-at="2022-01-28T18:13:48Z" finished-at="2022-01-28T18:13:50Z">
          <reporter-output>
          </reporter-output>
        </test-method> <!-- configAM -->
        <test-method status="PASS" signature="configAC()[pri:0, instance:com.crm.comcast.contactTest.ContactTest@4f7d0008]" name="configAC" is-config="true" duration-ms="1474" started-at="2022-01-28T18:13:50Z" finished-at="2022-01-28T18:13:51Z">
          <reporter-output>
          </reporter-output>
        </test-method> <!-- configAC -->
        <test-method status="PASS" signature="configAS()[pri:0, instance:com.crm.comcast.contactTest.ContactTest@4f7d0008]" name="configAS" is-config="true" duration-ms="0" started-at="2022-01-28T18:13:52Z" finished-at="2022-01-28T18:13:52Z">
          <reporter-output>
          </reporter-output>
        </test-method> <!-- configAS -->
      </class> <!-- com.crm.comcast.contactTest.ContactTest -->
    </test> <!-- Default test -->
  </suite> <!-- Default suite -->
</testng-results>
