<?xml version="1.0" encoding="UTF-8"?>
<!-- Generated by org.testng.reporters.JUnitXMLReporter -->
<testsuite hostname="LAPTOP-P09V1KSC" ignored="2" name="Testrunner-Chrome_Browser" tests="4" failures="0" timestamp="21 Jan 2022 12:22:38 GMT" time="145.863" errors="0">
  <testcase name="createOrgTest" time="21.393" classname="com.crm.comcast_OrganisationPOMTest.Organisation"/>
  <testcase name="createOrgWithInd" time="20.778" classname="com.crm.comcast_OrganisationPOMTest.Organisation"/>
  <testcase name="createContactTest" time="20.511" classname="com.crm.comcast.contactTest.ContactTest"/>
  <testcase name="createContactWithOrgTest" time="38.439" classname="com.crm.comcast.contactTest.ContactTest"/>
  <testcase name="@AfterSuite configAS" time="0.0" classname="com.crm.GenericLibrary.Baseclass">
    <ignored/>
  </testcase> <!-- @AfterSuite configAS -->
  <testcase name="@BeforeSuite configBS" time="0.0" classname="com.crm.GenericLibrary.Baseclass">
    <ignored/>
  </testcase> <!-- @BeforeSuite configBS -->
</testsuite> <!-- Testrunner-Chrome_Browser -->
